<?xml version="1.0" encoding="UTF-8"?>
<testsuites name="jest tests" tests="2" failures="2" errors="0" time="57.279">
  <testsuite name="Next.js Command: npx create-next-app-with-gluestack-ui@latest" errors="0" failures="2" skipped="0" timestamp="2023-07-14T09:46:51" time="57.239" tests="2">
    <testcase classname="Next.js Command: npx create-next-app-with-gluestack-ui@latest Create a next repo in the home directory" name="Next.js Command: npx create-next-app-with-gluestack-ui@latest Create a next repo in the home directory" time="0.075">
      <failure>TypeError: Cannot read properties of null (reading &apos;on&apos;)
    at on (/Users/suraj/Sites/projects/gluestack/gluestack-ui-cli/packages/create-next-app-with-gluestack-ui/__tests__/integration/next.test.js:49:20)
    at new Promise (&lt;anonymous&gt;)
    at createProject (/Users/suraj/Sites/projects/gluestack/gluestack-ui-cli/packages/create-next-app-with-gluestack-ui/__tests__/integration/next.test.js:39:12)
    at Object.createProject (/Users/suraj/Sites/projects/gluestack/gluestack-ui-cli/packages/create-next-app-with-gluestack-ui/__tests__/integration/next.test.js:83:13)
    at Promise.then.completed (/Users/suraj/Sites/projects/gluestack/gluestack-ui-cli/node_modules/jest-circus/build/utils.js:301:28)
    at new Promise (&lt;anonymous&gt;)
    at callAsyncCircusFn (/Users/suraj/Sites/projects/gluestack/gluestack-ui-cli/node_modules/jest-circus/build/utils.js:234:10)
    at _callCircusTest (/Users/suraj/Sites/projects/gluestack/gluestack-ui-cli/node_modules/jest-circus/build/run.js:314:40)
    at _runTest (/Users/suraj/Sites/projects/gluestack/gluestack-ui-cli/node_modules/jest-circus/build/run.js:250:3)
    at _runTestsForDescribeBlock (/Users/suraj/Sites/projects/gluestack/gluestack-ui-cli/node_modules/jest-circus/build/run.js:125:9)
    at _runTestsForDescribeBlock (/Users/suraj/Sites/projects/gluestack/gluestack-ui-cli/node_modules/jest-circus/build/run.js:120:9)
    at run (/Users/suraj/Sites/projects/gluestack/gluestack-ui-cli/node_modules/jest-circus/build/run.js:70:3)
    at runAndTransformResultsToJestFormat (/Users/suraj/Sites/projects/gluestack/gluestack-ui-cli/node_modules/jest-circus/build/legacy-code-todo-rewrite/jestAdapterInit.js:127:21)
    at jestAdapter (/Users/suraj/Sites/projects/gluestack/gluestack-ui-cli/node_modules/jest-circus/build/legacy-code-todo-rewrite/jestAdapter.js:80:19)
    at runTestInternal (/Users/suraj/Sites/projects/gluestack/gluestack-ui-cli/node_modules/jest-cli/node_modules/jest-runner/build/runTest.js:367:16)
    at runTest (/Users/suraj/Sites/projects/gluestack/gluestack-ui-cli/node_modules/jest-cli/node_modules/jest-runner/build/runTest.js:444:34)</failure>
    </testcase>
    <testcase classname="Next.js Command: npx create-next-app-with-gluestack-ui@latest Start and check if next js project is running" name="Next.js Command: npx create-next-app-with-gluestack-ui@latest Start and check if next js project is running" time="50.004">
      <failure>Error: spawn /bin/sh ENOENT
    at Process.ChildProcess._handle.onexit (node:internal/child_process:283:19)
    at onErrorNT (node:internal/child_process:476:16)
    at processTicksAndRejections (node:internal/process/task_queues:82:21)</failure>
      <failure>Error: thrown: &quot;Exceeded timeout of 50000 ms for a test.
Add a timeout value to this test to increase the timeout, if this is a long-running test. See https://jestjs.io/docs/api#testname-fn-timeout.&quot;
    at it (/Users/suraj/Sites/projects/gluestack/gluestack-ui-cli/packages/create-next-app-with-gluestack-ui/__tests__/integration/next.test.js:93:3)
    at _dispatchDescribe (/Users/suraj/Sites/projects/gluestack/gluestack-ui-cli/node_modules/jest-circus/build/index.js:91:26)
    at describe (/Users/suraj/Sites/projects/gluestack/gluestack-ui-cli/node_modules/jest-circus/build/index.js:55:5)
    at Object.describe (/Users/suraj/Sites/projects/gluestack/gluestack-ui-cli/packages/create-next-app-with-gluestack-ui/__tests__/integration/next.test.js:17:1)
    at Runtime._execModule (/Users/suraj/Sites/projects/gluestack/gluestack-ui-cli/node_modules/jest-cli/node_modules/jest-runtime/build/index.js:1452:24)
    at Runtime._loadModule (/Users/suraj/Sites/projects/gluestack/gluestack-ui-cli/node_modules/jest-cli/node_modules/jest-runtime/build/index.js:1024:12)
    at Runtime.requireModule (/Users/suraj/Sites/projects/gluestack/gluestack-ui-cli/node_modules/jest-cli/node_modules/jest-runtime/build/index.js:884:12)
    at jestAdapter (/Users/suraj/Sites/projects/gluestack/gluestack-ui-cli/node_modules/jest-circus/build/legacy-code-todo-rewrite/jestAdapter.js:78:13)
    at processTicksAndRejections (node:internal/process/task_queues:95:5)
    at runTestInternal (/Users/suraj/Sites/projects/gluestack/gluestack-ui-cli/node_modules/jest-cli/node_modules/jest-runner/build/runTest.js:367:16)
    at runTest (/Users/suraj/Sites/projects/gluestack/gluestack-ui-cli/node_modules/jest-cli/node_modules/jest-runner/build/runTest.js:444:34)</failure>
    </testcase>
  </testsuite>
</testsuites>